<?xml version="1.0" encoding="UTF-8"?>
<!-- Generated by org.testng.reporters.JUnitXMLReporter -->
<testsuite ignored="4" hostname="Soorajs-MacBook-Pro.local" failures="0" tests="3" name="Test" time="57.726" errors="0" timestamp="2023-06-18T19:06:03 IST">
  <testcase classname="com.learnerhub.testcases.TC001_JustLogin" name="runLogin" time="11.698"/>
  <testcase classname="com.learnerhub.testcases.TC003_ForgotPassword" name="runRegister" time="31.661"/>
  <testcase classname="com.learnerhub.testcases.TC002_Register" name="runRegister" time="49.128"/>
  <testcase classname="com.framework.utils.ExtentReporter" name="@AfterSuite endResult" time="0.0">
    <ignored/>
  </testcase> <!-- @AfterSuite endResult -->
  <testcase classname="com.framework.utils.ExtentReporter" name="@AfterSuite endResult" time="0.0">
    <ignored/>
  </testcase> <!-- @AfterSuite endResult -->
  <testcase classname="com.framework.utils.ExtentReporter" name="@BeforeSuite startReport" time="0.0">
    <ignored/>
  </testcase> <!-- @BeforeSuite startReport -->
  <testcase classname="com.framework.utils.ExtentReporter" name="@BeforeSuite startReport" time="0.0">
    <ignored/>
  </testcase> <!-- @BeforeSuite startReport -->
</testsuite> <!-- Test -->
