<?xml version="1.0" encoding="UTF-8"?>
<testng-results ignored="4" total="7" passed="3" failed="0" skipped="0">
  <reporter-output>
  </reporter-output>
  <suite started-at="2023-06-18T19:05:05 IST" name="Suite" finished-at="2023-06-18T19:06:02 IST" duration-ms="57726">
    <groups>
      <group name="cucumber">
        <method signature="AbstractTestNGCucumberTests.runScenario(cucumber.api.testng.PickleEventWrapper, cucumber.api.testng.CucumberFeatureWrapper)[pri:0, instance:com.learnerhub.testcases.TC001_JustLogin@73e9cf30]" name="runScenario" class="cucumber.api.testng.AbstractTestNGCucumberTests"/>
        <method signature="AbstractTestNGCucumberTests.runScenario(cucumber.api.testng.PickleEventWrapper, cucumber.api.testng.CucumberFeatureWrapper)[pri:0, instance:com.learnerhub.testcases.TC002_Register@272113c4]" name="runScenario" class="cucumber.api.testng.AbstractTestNGCucumberTests"/>
        <method signature="AbstractTestNGCucumberTests.runScenario(cucumber.api.testng.PickleEventWrapper, cucumber.api.testng.CucumberFeatureWrapper)[pri:0, instance:com.learnerhub.testcases.TC003_ForgotPassword@783a467b]" name="runScenario" class="cucumber.api.testng.AbstractTestNGCucumberTests"/>
      </group> <!-- cucumber -->
    </groups>
    <test started-at="2023-06-18T19:05:05 IST" name="Test" finished-at="2023-06-18T19:06:02 IST" duration-ms="57726">
      <class name="com.learnerhub.testcases.TC002_Register">
        <test-method is-config="true" signature="setValues()[pri:0, instance:com.learnerhub.testcases.TC002_Register@272113c4]" started-at="2023-06-18T19:05:05 IST" name="setValues" finished-at="2023-06-18T19:05:05 IST" duration-ms="0" status="PASS">
          <reporter-output>
          </reporter-output>
        </test-method> <!-- setValues -->
        <test-method is-config="true" signature="setUpClass()[pri:0, instance:com.learnerhub.testcases.TC002_Register@272113c4]" started-at="2023-06-18T19:05:05 IST" name="setUpClass" finished-at="2023-06-18T19:05:05 IST" duration-ms="67" status="PASS">
          <reporter-output>
          </reporter-output>
        </test-method> <!-- setUpClass -->
        <test-method is-config="true" signature="startTestCase()[pri:0, instance:com.learnerhub.testcases.TC002_Register@272113c4]" started-at="2023-06-18T19:05:05 IST" name="startTestCase" finished-at="2023-06-18T19:05:05 IST" duration-ms="3" status="PASS">
          <reporter-output>
          </reporter-output>
        </test-method> <!-- startTestCase -->
        <test-method is-config="true" signature="preCondition()[pri:0, instance:com.learnerhub.testcases.TC002_Register@272113c4]" started-at="2023-06-18T19:05:05 IST" name="preCondition" finished-at="2023-06-18T19:05:10 IST" duration-ms="5730" status="PASS">
          <reporter-output>
          </reporter-output>
        </test-method> <!-- preCondition -->
        <test-method signature="runRegister()[pri:0, instance:com.learnerhub.testcases.TC002_Register@272113c4]" started-at="2023-06-18T19:05:10 IST" name="runRegister" finished-at="2023-06-18T19:06:00 IST" duration-ms="49128" status="PASS">
          <reporter-output>
          </reporter-output>
        </test-method> <!-- runRegister -->
        <test-method is-config="true" signature="postCondition()[pri:0, instance:com.learnerhub.testcases.TC002_Register@272113c4]" started-at="2023-06-18T19:06:00 IST" name="postCondition" finished-at="2023-06-18T19:06:02 IST" duration-ms="2715" status="PASS">
          <reporter-output>
          </reporter-output>
        </test-method> <!-- postCondition -->
        <test-method is-config="true" signature="updateResult()[pri:0, instance:com.learnerhub.testcases.TC002_Register@272113c4]" started-at="2023-06-18T19:06:02 IST" name="updateResult" finished-at="2023-06-18T19:06:02 IST" duration-ms="41" status="PASS">
          <reporter-output>
          </reporter-output>
        </test-method> <!-- updateResult -->
        <test-method is-config="true" signature="tearDownClass()[pri:0, instance:com.learnerhub.testcases.TC002_Register@272113c4]" started-at="2023-06-18T19:06:02 IST" name="tearDownClass" finished-at="2023-06-18T19:06:02 IST" duration-ms="1" status="PASS">
          <reporter-output>
          </reporter-output>
        </test-method> <!-- tearDownClass -->
      </class> <!-- com.learnerhub.testcases.TC002_Register -->
      <class name="com.learnerhub.testcases.TC001_JustLogin">
        <test-method is-config="true" signature="setValues()[pri:0, instance:com.learnerhub.testcases.TC001_JustLogin@73e9cf30]" started-at="2023-06-18T19:05:05 IST" name="setValues" finished-at="2023-06-18T19:05:05 IST" duration-ms="0" status="PASS">
          <reporter-output>
          </reporter-output>
        </test-method> <!-- setValues -->
        <test-method is-config="true" signature="setUpClass()[pri:0, instance:com.learnerhub.testcases.TC001_JustLogin@73e9cf30]" started-at="2023-06-18T19:05:05 IST" name="setUpClass" finished-at="2023-06-18T19:05:05 IST" duration-ms="67" status="PASS">
          <reporter-output>
          </reporter-output>
        </test-method> <!-- setUpClass -->
        <test-method is-config="true" signature="startTestCase()[pri:0, instance:com.learnerhub.testcases.TC001_JustLogin@73e9cf30]" started-at="2023-06-18T19:05:05 IST" name="startTestCase" finished-at="2023-06-18T19:05:05 IST" duration-ms="3" status="PASS">
          <reporter-output>
          </reporter-output>
        </test-method> <!-- startTestCase -->
        <test-method is-config="true" signature="preCondition()[pri:0, instance:com.learnerhub.testcases.TC001_JustLogin@73e9cf30]" started-at="2023-06-18T19:05:05 IST" name="preCondition" finished-at="2023-06-18T19:05:07 IST" duration-ms="2718" status="PASS">
          <reporter-output>
          </reporter-output>
        </test-method> <!-- preCondition -->
        <test-method signature="runLogin()[pri:0, instance:com.learnerhub.testcases.TC001_JustLogin@73e9cf30]" started-at="2023-06-18T19:05:07 IST" name="runLogin" finished-at="2023-06-18T19:05:19 IST" duration-ms="11698" status="PASS">
          <reporter-output>
          </reporter-output>
        </test-method> <!-- runLogin -->
        <test-method is-config="true" signature="postCondition()[pri:0, instance:com.learnerhub.testcases.TC001_JustLogin@73e9cf30]" started-at="2023-06-18T19:05:19 IST" name="postCondition" finished-at="2023-06-18T19:05:21 IST" duration-ms="2161" status="PASS">
          <reporter-output>
          </reporter-output>
        </test-method> <!-- postCondition -->
        <test-method is-config="true" signature="updateResult()[pri:0, instance:com.learnerhub.testcases.TC001_JustLogin@73e9cf30]" started-at="2023-06-18T19:05:21 IST" name="updateResult" finished-at="2023-06-18T19:05:22 IST" duration-ms="235" status="PASS">
          <reporter-output>
          </reporter-output>
        </test-method> <!-- updateResult -->
        <test-method is-config="true" signature="tearDownClass()[pri:0, instance:com.learnerhub.testcases.TC001_JustLogin@73e9cf30]" started-at="2023-06-18T19:05:22 IST" name="tearDownClass" finished-at="2023-06-18T19:05:22 IST" duration-ms="1" status="PASS">
          <reporter-output>
          </reporter-output>
        </test-method> <!-- tearDownClass -->
      </class> <!-- com.learnerhub.testcases.TC001_JustLogin -->
      <class name="com.learnerhub.testcases.TC003_ForgotPassword">
        <test-method is-config="true" signature="startReport()[pri:0, instance:com.learnerhub.testcases.TC003_ForgotPassword@783a467b]" started-at="2023-06-18T19:05:04 IST" name="startReport" finished-at="2023-06-18T19:05:05 IST" duration-ms="311" status="PASS">
          <reporter-output>
          </reporter-output>
        </test-method> <!-- startReport -->
        <test-method is-config="true" signature="setValues()[pri:0, instance:com.learnerhub.testcases.TC003_ForgotPassword@783a467b]" started-at="2023-06-18T19:05:05 IST" name="setValues" finished-at="2023-06-18T19:05:05 IST" duration-ms="0" status="PASS">
          <reporter-output>
          </reporter-output>
        </test-method> <!-- setValues -->
        <test-method is-config="true" signature="setUpClass()[pri:0, instance:com.learnerhub.testcases.TC003_ForgotPassword@783a467b]" started-at="2023-06-18T19:05:05 IST" name="setUpClass" finished-at="2023-06-18T19:05:05 IST" duration-ms="67" status="PASS">
          <reporter-output>
          </reporter-output>
        </test-method> <!-- setUpClass -->
        <test-method is-config="true" signature="startTestCase()[pri:0, instance:com.learnerhub.testcases.TC003_ForgotPassword@783a467b]" started-at="2023-06-18T19:05:05 IST" name="startTestCase" finished-at="2023-06-18T19:05:05 IST" duration-ms="3" status="PASS">
          <reporter-output>
          </reporter-output>
        </test-method> <!-- startTestCase -->
        <test-method is-config="true" signature="preCondition()[pri:0, instance:com.learnerhub.testcases.TC003_ForgotPassword@783a467b]" started-at="2023-06-18T19:05:05 IST" name="preCondition" finished-at="2023-06-18T19:05:09 IST" duration-ms="4183" status="PASS">
          <reporter-output>
          </reporter-output>
        </test-method> <!-- preCondition -->
        <test-method signature="runRegister()[pri:0, instance:com.learnerhub.testcases.TC003_ForgotPassword@783a467b]" started-at="2023-06-18T19:05:09 IST" name="runRegister" finished-at="2023-06-18T19:05:41 IST" duration-ms="31661" status="PASS">
          <reporter-output>
          </reporter-output>
        </test-method> <!-- runRegister -->
        <test-method is-config="true" signature="postCondition()[pri:0, instance:com.learnerhub.testcases.TC003_ForgotPassword@783a467b]" started-at="2023-06-18T19:05:41 IST" name="postCondition" finished-at="2023-06-18T19:05:43 IST" duration-ms="2151" status="PASS">
          <reporter-output>
          </reporter-output>
        </test-method> <!-- postCondition -->
        <test-method is-config="true" signature="updateResult()[pri:0, instance:com.learnerhub.testcases.TC003_ForgotPassword@783a467b]" started-at="2023-06-18T19:05:43 IST" name="updateResult" finished-at="2023-06-18T19:05:43 IST" duration-ms="38" status="PASS">
          <reporter-output>
          </reporter-output>
        </test-method> <!-- updateResult -->
        <test-method is-config="true" signature="tearDownClass()[pri:0, instance:com.learnerhub.testcases.TC003_ForgotPassword@783a467b]" started-at="2023-06-18T19:05:43 IST" name="tearDownClass" finished-at="2023-06-18T19:05:43 IST" duration-ms="0" status="PASS">
          <reporter-output>
          </reporter-output>
        </test-method> <!-- tearDownClass -->
        <test-method is-config="true" signature="endResult()[pri:0, instance:com.learnerhub.testcases.TC003_ForgotPassword@783a467b]" started-at="2023-06-18T19:06:03 IST" name="endResult" finished-at="2023-06-18T19:06:03 IST" duration-ms="32" status="PASS">
          <reporter-output>
          </reporter-output>
        </test-method> <!-- endResult -->
      </class> <!-- com.learnerhub.testcases.TC003_ForgotPassword -->
    </test> <!-- Test -->
  </suite> <!-- Suite -->
</testng-results>
